[     129ms] [LOG] [Fast Refresh] rebuilding @ http://localhost:3000/_next/static/chunks/node_modules_next_dist_115brz8._.js:2431
[     245ms] [LOG] [Fast Refresh] done in 224ms @ http://localhost:3000/_next/static/chunks/node_modules_next_dist_115brz8._.js:2431
[     322ms] [INFO] %cDownload the React DevTools for a better development experience: https://react.dev/link/react-devtools font-weight:bold @ http://localhost:3000/_next/static/chunks/node_modules_next_dist_115brz8._.js:2431
[     361ms] [LOG] [HMR] connected @ http://localhost:3000/_next/static/chunks/node_modules_next_dist_115brz8._.js:2431
[     478ms] [WARNING] Image with src "/images/example-products/marketing1.jpg" was detected as the Largest Contentful Paint (LCP). Please add the `loading="eager"` property if this image is above the fold.
Read more: https://nextjs.org/docs/app/api-reference/components/image#loading @ http://localhost:3000/_next/static/chunks/node_modules_next_dist_115brz8._.js:2431
[     525ms] [LOG] %c[Vercel Web Analytics]%c Debug mode is enabled by default in development. No requests will be sent to the server. color: rgb(120, 120, 120) color: inherit @ http://localhost:3000/_next/static/chunks/node_modules_next_dist_115brz8._.js:2431
[     525ms] [LOG] %c[Vercel Web Analytics]%c Running queued event color: rgb(120, 120, 120) color: inherit pageview {route: /services/[slug], path: /services/marketing-system} @ http://localhost:3000/_next/static/chunks/node_modules_next_dist_115brz8._.js:2431
[     525ms] [LOG] %c[Vercel Web Analytics]%c [view] http://localhost:3000/services/marketing-system color: rgb(120, 120, 120) color: inherit {o: http://localhost:3000/services/marketing-system, sv: 0.1.3, sdkn: @vercel/analytics/next, sdkv: 1.6.1, ts: 1778003803142} /_vercel/insights/view @ http://localhost:3000/_next/static/chunks/node_modules_next_dist_115brz8._.js:2431
[     568ms] [LOG] [Fast Refresh] rebuilding @ http://localhost:3000/_next/static/chunks/node_modules_next_dist_115brz8._.js:2431
[     585ms] [LOG] [Fast Refresh] done in 120ms @ http://localhost:3000/_next/static/chunks/node_modules_next_dist_115brz8._.js:2431
[    3530ms] [WARNING] The resource http://localhost:3000/_next/static/media/464d62f7fb45826c-s.p.0jthsjf3tk5qp.woff2 was preloaded using link preload but not used within a few seconds from the window's load event. Please make sure it has an appropriate `as` value and it is preloaded intentionally. @ http://localhost:3000/services/marketing-system:0
[    3530ms] [WARNING] The resource http://localhost:3000/_next/static/media/6958aadccb02a37a-s.p.0rv.7~361v06k.woff2 was preloaded using link preload but not used within a few seconds from the window's load event. Please make sure it has an appropriate `as` value and it is preloaded intentionally. @ http://localhost:3000/services/marketing-system:0
[    3530ms] [WARNING] The resource http://localhost:3000/_next/static/media/98af200c0833b20c-s.p.0jqrgyclnod8j.woff2 was preloaded using link preload but not used within a few seconds from the window's load event. Please make sure it has an appropriate `as` value and it is preloaded intentionally. @ http://localhost:3000/services/marketing-system:0
[    3530ms] [WARNING] The resource http://localhost:3000/_next/static/media/fa761a580272bc13-s.p.0omdhk3760nbm.woff2 was preloaded using link preload but not used within a few seconds from the window's load event. Please make sure it has an appropriate `as` value and it is preloaded intentionally. @ http://localhost:3000/services/marketing-system:0
[    3530ms] [WARNING] The resource http://localhost:3000/_next/static/media/de161955856a921d-s.p.04z8pihzuh7s1.woff2 was preloaded using link preload but not used within a few seconds from the window's load event. Please make sure it has an appropriate `as` value and it is preloaded intentionally. @ http://localhost:3000/services/marketing-system:0
[    3530ms] [WARNING] The resource http://localhost:3000/_next/static/media/89970c532165c566-s.p.0b966w_08wqep.woff2 was preloaded using link preload but not used within a few seconds from the window's load event. Please make sure it has an appropriate `as` value and it is preloaded intentionally. @ http://localhost:3000/services/marketing-system:0
[    3530ms] [WARNING] The resource http://localhost:3000/_next/static/media/0c8c4ded07fff55c-s.p.0wf336i9wr3zj.woff2 was preloaded using link preload but not used within a few seconds from the window's load event. Please make sure it has an appropriate `as` value and it is preloaded intentionally. @ http://localhost:3000/services/marketing-system:0
[    3530ms] [WARNING] The resource http://localhost:3000/_next/static/media/4341de68155aee74-s.p.0xpr9r0nv9smg.woff2 was preloaded using link preload but not used within a few seconds from the window's load event. Please make sure it has an appropriate `as` value and it is preloaded intentionally. @ http://localhost:3000/services/marketing-system:0
[    3530ms] [WARNING] The resource http://localhost:3000/_next/static/media/ab24015c41b3954b-s.p.0.b4f2fek_3p2.woff2 was preloaded using link preload but not used within a few seconds from the window's load event. Please make sure it has an appropriate `as` value and it is preloaded intentionally. @ http://localhost:3000/services/marketing-system:0
[    3530ms] [WARNING] The resource http://localhost:3000/_next/static/media/63c76f91296e9485-s.p.0ewsbq28-po~u.woff2 was preloaded using link preload but not used within a few seconds from the window's load event. Please make sure it has an appropriate `as` value and it is preloaded intentionally. @ http://localhost:3000/services/marketing-system:0
[  182188ms] [LOG] [Fast Refresh] rebuilding @ http://localhost:3000/_next/static/chunks/node_modules_next_dist_115brz8._.js:2431
[  182302ms] [LOG] [Fast Refresh] done in 113ms @ http://localhost:3000/_next/static/chunks/node_modules_next_dist_115brz8._.js:2431
[  185370ms] [WARNING] The resource http://localhost:3000/_next/static/media/464d62f7fb45826c-s.p.0jthsjf3tk5qp.woff2 was preloaded using link preload but not used within a few seconds from the window's load event. Please make sure it has an appropriate `as` value and it is preloaded intentionally. @ http://localhost:3000/services/marketing-system:0
[  185370ms] [WARNING] The resource http://localhost:3000/_next/static/media/6958aadccb02a37a-s.p.0rv.7~361v06k.woff2 was preloaded using link preload but not used within a few seconds from the window's load event. Please make sure it has an appropriate `as` value and it is preloaded intentionally. @ http://localhost:3000/services/marketing-system:0
[  185370ms] [WARNING] The resource http://localhost:3000/_next/static/media/98af200c0833b20c-s.p.0jqrgyclnod8j.woff2 was preloaded using link preload but not used within a few seconds from the window's load event. Please make sure it has an appropriate `as` value and it is preloaded intentionally. @ http://localhost:3000/services/marketing-system:0
[  185370ms] [WARNING] The resource http://localhost:3000/_next/static/media/fa761a580272bc13-s.p.0omdhk3760nbm.woff2 was preloaded using link preload but not used within a few seconds from the window's load event. Please make sure it has an appropriate `as` value and it is preloaded intentionally. @ http://localhost:3000/services/marketing-system:0
[  185370ms] [WARNING] The resource http://localhost:3000/_next/static/media/de161955856a921d-s.p.04z8pihzuh7s1.woff2 was preloaded using link preload but not used within a few seconds from the window's load event. Please make sure it has an appropriate `as` value and it is preloaded intentionally. @ http://localhost:3000/services/marketing-system:0
[  185370ms] [WARNING] The resource http://localhost:3000/_next/static/media/89970c532165c566-s.p.0b966w_08wqep.woff2 was preloaded using link preload but not used within a few seconds from the window's load event. Please make sure it has an appropriate `as` value and it is preloaded intentionally. @ http://localhost:3000/services/marketing-system:0
[  185370ms] [WARNING] The resource http://localhost:3000/_next/static/media/0c8c4ded07fff55c-s.p.0wf336i9wr3zj.woff2 was preloaded using link preload but not used within a few seconds from the window's load event. Please make sure it has an appropriate `as` value and it is preloaded intentionally. @ http://localhost:3000/services/marketing-system:0
[  185370ms] [WARNING] The resource http://localhost:3000/_next/static/media/4341de68155aee74-s.p.0xpr9r0nv9smg.woff2 was preloaded using link preload but not used within a few seconds from the window's load event. Please make sure it has an appropriate `as` value and it is preloaded intentionally. @ http://localhost:3000/services/marketing-system:0
[  185370ms] [WARNING] The resource http://localhost:3000/_next/static/media/ab24015c41b3954b-s.p.0.b4f2fek_3p2.woff2 was preloaded using link preload but not used within a few seconds from the window's load event. Please make sure it has an appropriate `as` value and it is preloaded intentionally. @ http://localhost:3000/services/marketing-system:0
[  185370ms] [WARNING] The resource http://localhost:3000/_next/static/media/63c76f91296e9485-s.p.0ewsbq28-po~u.woff2 was preloaded using link preload but not used within a few seconds from the window's load event. Please make sure it has an appropriate `as` value and it is preloaded intentionally. @ http://localhost:3000/services/marketing-system:0
[  201768ms] [LOG] [Fast Refresh] rebuilding @ http://localhost:3000/_next/static/chunks/node_modules_next_dist_115brz8._.js:2431
[  201915ms] [LOG] [Fast Refresh] done in 60ms @ http://localhost:3000/_next/static/chunks/node_modules_next_dist_115brz8._.js:2431
[  204952ms] [WARNING] The resource http://localhost:3000/_next/static/media/464d62f7fb45826c-s.p.0jthsjf3tk5qp.woff2 was preloaded using link preload but not used within a few seconds from the window's load event. Please make sure it has an appropriate `as` value and it is preloaded intentionally. @ http://localhost:3000/services/marketing-system:0
[  204952ms] [WARNING] The resource http://localhost:3000/_next/static/media/6958aadccb02a37a-s.p.0rv.7~361v06k.woff2 was preloaded using link preload but not used within a few seconds from the window's load event. Please make sure it has an appropriate `as` value and it is preloaded intentionally. @ http://localhost:3000/services/marketing-system:0
[  204952ms] [WARNING] The resource http://localhost:3000/_next/static/media/98af200c0833b20c-s.p.0jqrgyclnod8j.woff2 was preloaded using link preload but not used within a few seconds from the window's load event. Please make sure it has an appropriate `as` value and it is preloaded intentionally. @ http://localhost:3000/services/marketing-system:0
[  204952ms] [WARNING] The resource http://localhost:3000/_next/static/media/fa761a580272bc13-s.p.0omdhk3760nbm.woff2 was preloaded using link preload but not used within a few seconds from the window's load event. Please make sure it has an appropriate `as` value and it is preloaded intentionally. @ http://localhost:3000/services/marketing-system:0
[  204952ms] [WARNING] The resource http://localhost:3000/_next/static/media/de161955856a921d-s.p.04z8pihzuh7s1.woff2 was preloaded using link preload but not used within a few seconds from the window's load event. Please make sure it has an appropriate `as` value and it is preloaded intentionally. @ http://localhost:3000/services/marketing-system:0
[  204952ms] [WARNING] The resource http://localhost:3000/_next/static/media/89970c532165c566-s.p.0b966w_08wqep.woff2 was preloaded using link preload but not used within a few seconds from the window's load event. Please make sure it has an appropriate `as` value and it is preloaded intentionally. @ http://localhost:3000/services/marketing-system:0
[  204952ms] [WARNING] The resource http://localhost:3000/_next/static/media/0c8c4ded07fff55c-s.p.0wf336i9wr3zj.woff2 was preloaded using link preload but not used within a few seconds from the window's load event. Please make sure it has an appropriate `as` value and it is preloaded intentionally. @ http://localhost:3000/services/marketing-system:0
[  204952ms] [WARNING] The resource http://localhost:3000/_next/static/media/4341de68155aee74-s.p.0xpr9r0nv9smg.woff2 was preloaded using link preload but not used within a few seconds from the window's load event. Please make sure it has an appropriate `as` value and it is preloaded intentionally. @ http://localhost:3000/services/marketing-system:0
[  204952ms] [WARNING] The resource http://localhost:3000/_next/static/media/ab24015c41b3954b-s.p.0.b4f2fek_3p2.woff2 was preloaded using link preload but not used within a few seconds from the window's load event. Please make sure it has an appropriate `as` value and it is preloaded intentionally. @ http://localhost:3000/services/marketing-system:0
[  204952ms] [WARNING] The resource http://localhost:3000/_next/static/media/63c76f91296e9485-s.p.0ewsbq28-po~u.woff2 was preloaded using link preload but not used within a few seconds from the window's load event. Please make sure it has an appropriate `as` value and it is preloaded intentionally. @ http://localhost:3000/services/marketing-system:0
